<?xml version="1.0" encoding="UTF-8"?>
<!-- Generated by org.testng.reporters.JUnitReportReporter -->
<testsuite hostname="user-PC" failures="0" tests="2" name="tc26.ScrollupanddownwithoutArrow" time="4.274" errors="0" timestamp="2024-07-08T12:42:19 IST" skipped="0">
  <testcase classname="tc26.ScrollupanddownwithoutArrow" name="verifyURL" time="0.022"/>
  <testcase classname="tc26.ScrollupanddownwithoutArrow" name="subscription" time="4.252"/>
</testsuite> <!-- tc26.ScrollupanddownwithoutArrow -->
