<?xml version="1.0" encoding="UTF-8"?>
<!-- Generated by org.testng.reporters.JUnitReportReporter -->
<testsuite hostname="user-PC" failures="0" tests="3" name="tc26.TC25Scrollwitharrowbuttons" time="8.364" errors="0" timestamp="2024-07-09T07:37:16 IST" skipped="0">
  <testcase classname="tc26.TC25Scrollwitharrowbuttons" name="verifyURL" time="0.026"/>
  <testcase classname="tc26.TC25Scrollwitharrowbuttons" name="scrollDown" time="3.157"/>
  <testcase classname="tc26.TC25Scrollwitharrowbuttons" name="scrollUp" time="5.181"/>
</testsuite> <!-- tc26.TC25Scrollwitharrowbuttons -->
