<?xml version="1.0" encoding="UTF-8"?>
<!-- Generated by org.testng.reporters.JUnitReportReporter -->
<testsuite hostname="user-PC" failures="0" tests="2" name="datadriven.DatadrivenLoginTest" time="4.294" errors="0" timestamp="2024-07-09T10:44:10 IST" skipped="0">
  <testcase classname="datadriven.DatadrivenLoginTest" name="loginUser" time="3.049"/>
  <testcase classname="datadriven.DatadrivenLoginTest" name="loginDetails" time="1.245"/>
</testsuite> <!-- datadriven.DatadrivenLoginTest -->
